<?xml version="1.0" encoding="UTF-8"?>
<!-- Generated by org.testng.reporters.JUnitReportReporter -->
<testsuite hostname="gahlaut-WX-1" name="runThrghTestNG.LoginPage" tests="1" failures="0" timestamp="14 Sep 2016 11:21:11 GMT" time="0.248" errors="0">
  <testcase name="verifyTitle" time="0.248" classname="runThrghTestNG.LoginPage"/>
</testsuite> <!-- runThrghTestNG.LoginPage -->
